<?xml version="1.0" encoding="UTF-8"?>
<testsuite xmlns:xsi="http://www.w3.org/2001/XMLSchema-instance" xsi:noNamespaceSchemaLocation="https://maven.apache.org/surefire/maven-surefire-plugin/xsd/surefire-test-report.xsd" name="com.diplom.two.UserModificationTests" time="13.587" tests="9" errors="0" skipped="0" failures="0">
  <properties>
    <property name="java.specification.version" value="22"/>
    <property name="sun.jnu.encoding" value="UTF-8"/>
    <property name="java.class.path" value="/Users/ilnarnigmatullin/IdeaProjects/diplom_2/target/test-classes:/Users/ilnarnigmatullin/IdeaProjects/diplom_2/target/classes:/Users/ilnarnigmatullin/.m2/repository/junit/junit/4.13.2/junit-4.13.2.jar:/Users/ilnarnigmatullin/.m2/repository/org/hamcrest/hamcrest-core/1.3/hamcrest-core-1.3.jar:/Users/ilnarnigmatullin/.m2/repository/io/rest-assured/rest-assured/4.5.1/rest-assured-4.5.1.jar:/Users/ilnarnigmatullin/.m2/repository/org/codehaus/groovy/groovy/3.0.9/groovy-3.0.9.jar:/Users/ilnarnigmatullin/.m2/repository/org/codehaus/groovy/groovy-xml/3.0.9/groovy-xml-3.0.9.jar:/Users/ilnarnigmatullin/.m2/repository/org/apache/httpcomponents/httpclient/4.5.13/httpclient-4.5.13.jar:/Users/ilnarnigmatullin/.m2/repository/org/apache/httpcomponents/httpcore/4.4.13/httpcore-4.4.13.jar:/Users/ilnarnigmatullin/.m2/repository/commons-logging/commons-logging/1.2/commons-logging-1.2.jar:/Users/ilnarnigmatullin/.m2/repository/commons-codec/commons-codec/1.11/commons-codec-1.11.jar:/Users/ilnarnigmatullin/.m2/repository/org/apache/httpcomponents/httpmime/4.5.13/httpmime-4.5.13.jar:/Users/ilnarnigmatullin/.m2/repository/org/hamcrest/hamcrest/2.1/hamcrest-2.1.jar:/Users/ilnarnigmatullin/.m2/repository/org/ccil/cowan/tagsoup/tagsoup/1.2.1/tagsoup-1.2.1.jar:/Users/ilnarnigmatullin/.m2/repository/io/rest-assured/json-path/4.5.1/json-path-4.5.1.jar:/Users/ilnarnigmatullin/.m2/repository/org/codehaus/groovy/groovy-json/3.0.9/groovy-json-3.0.9.jar:/Users/ilnarnigmatullin/.m2/repository/io/rest-assured/rest-assured-common/4.5.1/rest-assured-common-4.5.1.jar:/Users/ilnarnigmatullin/.m2/repository/io/rest-assured/xml-path/4.5.1/xml-path-4.5.1.jar:/Users/ilnarnigmatullin/.m2/repository/org/apache/commons/commons-lang3/3.11/commons-lang3-3.11.jar:/Users/ilnarnigmatullin/.m2/repository/io/qameta/allure/allure-junit4/2.13.9/allure-junit4-2.13.9.jar:/Users/ilnarnigmatullin/.m2/repository/io/qameta/allure/allure-java-commons/2.13.9/allure-java-commons-2.13.9.jar:/Users/ilnarnigmatullin/.m2/repository/io/qameta/allure/allure-model/2.13.9/allure-model-2.13.9.jar:/Users/ilnarnigmatullin/.m2/repository/org/slf4j/slf4j-api/1.7.30/slf4j-api-1.7.30.jar:/Users/ilnarnigmatullin/.m2/repository/com/fasterxml/jackson/core/jackson-databind/2.12.2/jackson-databind-2.12.2.jar:/Users/ilnarnigmatullin/.m2/repository/com/fasterxml/jackson/core/jackson-annotations/2.12.2/jackson-annotations-2.12.2.jar:/Users/ilnarnigmatullin/.m2/repository/com/fasterxml/jackson/core/jackson-core/2.12.2/jackson-core-2.12.2.jar:/Users/ilnarnigmatullin/.m2/repository/org/apache/tika/tika-core/1.25/tika-core-1.25.jar:/Users/ilnarnigmatullin/.m2/repository/org/jooq/joor-java-8/0.9.13/joor-java-8-0.9.13.jar:/Users/ilnarnigmatullin/.m2/repository/io/qameta/allure/allure-rest-assured/2.13.9/allure-rest-assured-2.13.9.jar:/Users/ilnarnigmatullin/.m2/repository/io/qameta/allure/allure-attachments/2.13.9/allure-attachments-2.13.9.jar:/Users/ilnarnigmatullin/.m2/repository/org/freemarker/freemarker/2.3.31/freemarker-2.3.31.jar:/Users/ilnarnigmatullin/.m2/repository/org/json/json/20230227/json-20230227.jar:"/>
    <property name="java.vm.vendor" value="Homebrew"/>
    <property name="sun.arch.data.model" value="64"/>
    <property name="java.vendor.url" value="https://github.com/Homebrew/homebrew-core/issues"/>
    <property name="property" value=""/>
    <property name="os.name" value="Mac OS X"/>
    <property name="java.vm.specification.version" value="22"/>
    <property name="sun.java.launcher" value="SUN_STANDARD"/>
    <property name="user.country" value="RU"/>
    <property name="sun.boot.library.path" value="/opt/homebrew/Cellar/openjdk/22.0.1/libexec/openjdk.jdk/Contents/Home/lib"/>
    <property name="sun.java.command" value="/Users/ilnarnigmatullin/IdeaProjects/diplom_2/target/surefire/surefirebooter5126842938146684583.jar /Users/ilnarnigmatullin/IdeaProjects/diplom_2/target/surefire 2024-07-20T23-40-23_372-jvmRun1 surefire17891818484069797026tmp surefire_012466452502985183635tmp"/>
    <property name="jdk.debug" value="release"/>
    <property name="surefire.test.class.path" value="/Users/ilnarnigmatullin/IdeaProjects/diplom_2/target/test-classes:/Users/ilnarnigmatullin/IdeaProjects/diplom_2/target/classes:/Users/ilnarnigmatullin/.m2/repository/junit/junit/4.13.2/junit-4.13.2.jar:/Users/ilnarnigmatullin/.m2/repository/org/hamcrest/hamcrest-core/1.3/hamcrest-core-1.3.jar:/Users/ilnarnigmatullin/.m2/repository/io/rest-assured/rest-assured/4.5.1/rest-assured-4.5.1.jar:/Users/ilnarnigmatullin/.m2/repository/org/codehaus/groovy/groovy/3.0.9/groovy-3.0.9.jar:/Users/ilnarnigmatullin/.m2/repository/org/codehaus/groovy/groovy-xml/3.0.9/groovy-xml-3.0.9.jar:/Users/ilnarnigmatullin/.m2/repository/org/apache/httpcomponents/httpclient/4.5.13/httpclient-4.5.13.jar:/Users/ilnarnigmatullin/.m2/repository/org/apache/httpcomponents/httpcore/4.4.13/httpcore-4.4.13.jar:/Users/ilnarnigmatullin/.m2/repository/commons-logging/commons-logging/1.2/commons-logging-1.2.jar:/Users/ilnarnigmatullin/.m2/repository/commons-codec/commons-codec/1.11/commons-codec-1.11.jar:/Users/ilnarnigmatullin/.m2/repository/org/apache/httpcomponents/httpmime/4.5.13/httpmime-4.5.13.jar:/Users/ilnarnigmatullin/.m2/repository/org/hamcrest/hamcrest/2.1/hamcrest-2.1.jar:/Users/ilnarnigmatullin/.m2/repository/org/ccil/cowan/tagsoup/tagsoup/1.2.1/tagsoup-1.2.1.jar:/Users/ilnarnigmatullin/.m2/repository/io/rest-assured/json-path/4.5.1/json-path-4.5.1.jar:/Users/ilnarnigmatullin/.m2/repository/org/codehaus/groovy/groovy-json/3.0.9/groovy-json-3.0.9.jar:/Users/ilnarnigmatullin/.m2/repository/io/rest-assured/rest-assured-common/4.5.1/rest-assured-common-4.5.1.jar:/Users/ilnarnigmatullin/.m2/repository/io/rest-assured/xml-path/4.5.1/xml-path-4.5.1.jar:/Users/ilnarnigmatullin/.m2/repository/org/apache/commons/commons-lang3/3.11/commons-lang3-3.11.jar:/Users/ilnarnigmatullin/.m2/repository/io/qameta/allure/allure-junit4/2.13.9/allure-junit4-2.13.9.jar:/Users/ilnarnigmatullin/.m2/repository/io/qameta/allure/allure-java-commons/2.13.9/allure-java-commons-2.13.9.jar:/Users/ilnarnigmatullin/.m2/repository/io/qameta/allure/allure-model/2.13.9/allure-model-2.13.9.jar:/Users/ilnarnigmatullin/.m2/repository/org/slf4j/slf4j-api/1.7.30/slf4j-api-1.7.30.jar:/Users/ilnarnigmatullin/.m2/repository/com/fasterxml/jackson/core/jackson-databind/2.12.2/jackson-databind-2.12.2.jar:/Users/ilnarnigmatullin/.m2/repository/com/fasterxml/jackson/core/jackson-annotations/2.12.2/jackson-annotations-2.12.2.jar:/Users/ilnarnigmatullin/.m2/repository/com/fasterxml/jackson/core/jackson-core/2.12.2/jackson-core-2.12.2.jar:/Users/ilnarnigmatullin/.m2/repository/org/apache/tika/tika-core/1.25/tika-core-1.25.jar:/Users/ilnarnigmatullin/.m2/repository/org/jooq/joor-java-8/0.9.13/joor-java-8-0.9.13.jar:/Users/ilnarnigmatullin/.m2/repository/io/qameta/allure/allure-rest-assured/2.13.9/allure-rest-assured-2.13.9.jar:/Users/ilnarnigmatullin/.m2/repository/io/qameta/allure/allure-attachments/2.13.9/allure-attachments-2.13.9.jar:/Users/ilnarnigmatullin/.m2/repository/org/freemarker/freemarker/2.3.31/freemarker-2.3.31.jar:/Users/ilnarnigmatullin/.m2/repository/org/json/json/20230227/json-20230227.jar:"/>
    <property name="sun.cpu.endian" value="little"/>
    <property name="user.home" value="/Users/ilnarnigmatullin"/>
    <property name="user.language" value="ru"/>
    <property name="java.specification.vendor" value="Oracle Corporation"/>
    <property name="java.version.date" value="2024-04-16"/>
    <property name="java.home" value="/opt/homebrew/Cellar/openjdk/22.0.1/libexec/openjdk.jdk/Contents/Home"/>
    <property name="file.separator" value="/"/>
    <property name="basedir" value="/Users/ilnarnigmatullin/IdeaProjects/diplom_2"/>
    <property name="java.vm.compressedOopsMode" value="Zero based"/>
    <property name="line.separator" value="&#10;"/>
    <property name="java.vm.specification.vendor" value="Oracle Corporation"/>
    <property name="java.specification.name" value="Java Platform API Specification"/>
    <property name="apple.awt.application.name" value="ForkedBooter"/>
    <property name="surefire.real.class.path" value="/Users/ilnarnigmatullin/IdeaProjects/diplom_2/target/surefire/surefirebooter5126842938146684583.jar"/>
    <property name="sun.management.compiler" value="HotSpot 64-Bit Tiered Compilers"/>
    <property name="java.runtime.version" value="22.0.1"/>
    <property name="user.name" value="ilnarnigmatullin"/>
    <property name="stdout.encoding" value="UTF-8"/>
    <property name="path.separator" value=":"/>
    <property name="os.version" value="13.0.1"/>
    <property name="java.runtime.name" value="OpenJDK Runtime Environment"/>
    <property name="file.encoding" value="UTF-8"/>
    <property name="java.vm.name" value="OpenJDK 64-Bit Server VM"/>
    <property name="java.vendor.version" value="Homebrew"/>
    <property name="localRepository" value="/Users/ilnarnigmatullin/.m2/repository"/>
    <property name="java.vendor.url.bug" value="https://github.com/Homebrew/homebrew-core/issues"/>
    <property name="java.io.tmpdir" value="/var/folders/5l/9x7zn7nx56d757vjdy0t4ntm0000gn/T/"/>
    <property name="java.version" value="22.0.1"/>
    <property name="user.dir" value="/Users/ilnarnigmatullin/IdeaProjects/diplom_2"/>
    <property name="os.arch" value="aarch64"/>
    <property name="java.vm.specification.name" value="Java Virtual Machine Specification"/>
    <property name="native.encoding" value="UTF-8"/>
    <property name="java.library.path" value="/Users/ilnarnigmatullin/Library/Java/Extensions:/Library/Java/Extensions:/Network/Library/Java/Extensions:/System/Library/Java/Extensions:/usr/lib/java:."/>
    <property name="java.vm.info" value="mixed mode, sharing"/>
    <property name="stderr.encoding" value="UTF-8"/>
    <property name="java.vendor" value="Homebrew"/>
    <property name="java.vm.version" value="22.0.1"/>
    <property name="sun.io.unicode.encoding" value="UnicodeBig"/>
    <property name="java.class.version" value="66.0"/>
  </properties>
  <testcase name="testLoginUserWrongCredentials" classname="com.diplom.two.UserModificationTests" time="0.357"/>
  <testcase name="testLogoutUserSuccess" classname="com.diplom.two.UserModificationTests" time="2.347"/>
  <testcase name="testLoginUserSuccess" classname="com.diplom.two.UserModificationTests" time="1.672"/>
  <testcase name="testRegisterUserSuccess" classname="com.diplom.two.UserModificationTests" time="1.124"/>
  <testcase name="testUpdateUserEmailToExisting" classname="com.diplom.two.UserModificationTests" time="1.952"/>
  <testcase name="testTokenRefresh" classname="com.diplom.two.UserModificationTests" time="2.552"/>
  <testcase name="testGetUserInfo" classname="com.diplom.two.UserModificationTests" time="1.539"/>
  <testcase name="testUpdateUserInfoWithoutAuth" classname="com.diplom.two.UserModificationTests" time="0.405"/>
  <testcase name="testUpdateUserInfoWithAuth" classname="com.diplom.two.UserModificationTests" time="1.638"/>
</testsuite>